<?xml version="1.0" encoding="UTF-8"?>
<coverage generated="1742069219163" clover="3.2.0">
  <project timestamp="1742069219163" name="All files">
    <metrics statements="102" coveredstatements="99" conditionals="8" coveredconditionals="8" methods="6" coveredmethods="5" elements="116" coveredelements="112" complexity="0" loc="102" ncloc="102" packages="9" files="13" classes="13"/>
    <package name="app">
      <metrics statements="23" coveredstatements="23" conditionals="3" coveredconditionals="3" methods="0" coveredmethods="0"/>
      <file name="app.vue" path="/Users/fernanrod/Programacion/Universidad/AYD2/Proyecto1AyD2/app_proyecto1_ayd2/app/app.vue">
        <metrics statements="23" coveredstatements="23" conditionals="3" coveredconditionals="3" methods="0" coveredmethods="0"/>
        <line num="1" count="1" type="stmt"/>
        <line num="2" count="1" type="stmt"/>
        <line num="3" count="1" type="stmt"/>
        <line num="4" count="1" type="stmt"/>
        <line num="5" count="1" type="stmt"/>
        <line num="6" count="1" type="stmt"/>
        <line num="7" count="1" type="stmt"/>
        <line num="8" count="1" type="stmt"/>
        <line num="9" count="1" type="stmt"/>
        <line num="10" count="1" type="stmt"/>
        <line num="11" count="1" type="stmt"/>
        <line num="12" count="1" type="stmt"/>
        <line num="31" count="1" type="stmt"/>
        <line num="32" count="1" type="stmt"/>
        <line num="34" count="1" type="stmt"/>
        <line num="35" count="1" type="stmt"/>
        <line num="37" count="1" type="stmt"/>
        <line num="38" count="1" type="stmt"/>
        <line num="40" count="1" type="stmt"/>
        <line num="41" count="1" type="stmt"/>
        <line num="43" count="1" type="stmt"/>
        <line num="44" count="1" type="stmt"/>
        <line num="47" count="1" type="stmt"/>
      </file>
    </package>
    <package name="app.components.cards">
      <metrics statements="15" coveredstatements="15" conditionals="0" coveredconditionals="0" methods="0" coveredmethods="0"/>
      <file name="MenuShortcutCard.vue" path="/Users/fernanrod/Programacion/Universidad/AYD2/Proyecto1AyD2/app_proyecto1_ayd2/app/components/cards/MenuShortcutCard.vue">
        <metrics statements="15" coveredstatements="15" conditionals="0" coveredconditionals="0" methods="0" coveredmethods="0"/>
        <line num="1" count="1" type="stmt"/>
        <line num="2" count="1" type="stmt"/>
        <line num="3" count="1" type="stmt"/>
        <line num="4" count="1" type="stmt"/>
        <line num="5" count="1" type="stmt"/>
        <line num="6" count="1" type="stmt"/>
        <line num="7" count="1" type="stmt"/>
        <line num="9" count="1" type="stmt"/>
        <line num="10" count="1" type="stmt"/>
        <line num="11" count="1" type="stmt"/>
        <line num="12" count="1" type="stmt"/>
        <line num="14" count="1" type="stmt"/>
        <line num="15" count="1" type="stmt"/>
        <line num="16" count="1" type="stmt"/>
        <line num="18" count="1" type="stmt"/>
      </file>
    </package>
    <package name="app.layouts">
      <metrics statements="35" coveredstatements="35" conditionals="0" coveredconditionals="0" methods="0" coveredmethods="0"/>
      <file name="default.vue" path="/Users/fernanrod/Programacion/Universidad/AYD2/Proyecto1AyD2/app_proyecto1_ayd2/app/layouts/default.vue">
        <metrics statements="35" coveredstatements="35" conditionals="0" coveredconditionals="0" methods="0" coveredmethods="0"/>
        <line num="1" count="1" type="stmt"/>
        <line num="2" count="1" type="stmt"/>
        <line num="3" count="1" type="stmt"/>
        <line num="4" count="1" type="stmt"/>
        <line num="5" count="1" type="stmt"/>
        <line num="6" count="1" type="stmt"/>
        <line num="7" count="1" type="stmt"/>
        <line num="8" count="1" type="stmt"/>
        <line num="10" count="1" type="stmt"/>
        <line num="11" count="1" type="stmt"/>
        <line num="12" count="1" type="stmt"/>
        <line num="13" count="1" type="stmt"/>
        <line num="14" count="1" type="stmt"/>
        <line num="15" count="1" type="stmt"/>
        <line num="17" count="1" type="stmt"/>
        <line num="18" count="1" type="stmt"/>
        <line num="19" count="1" type="stmt"/>
        <line num="20" count="1" type="stmt"/>
        <line num="21" count="1" type="stmt"/>
        <line num="22" count="1" type="stmt"/>
        <line num="23" count="1" type="stmt"/>
        <line num="26" count="1" type="stmt"/>
        <line num="28" count="1" type="stmt"/>
        <line num="29" count="1" type="stmt"/>
        <line num="30" count="1" type="stmt"/>
        <line num="31" count="1" type="stmt"/>
        <line num="32" count="1" type="stmt"/>
        <line num="33" count="1" type="stmt"/>
        <line num="34" count="1" type="stmt"/>
        <line num="35" count="1" type="stmt"/>
        <line num="36" count="1" type="stmt"/>
        <line num="37" count="1" type="stmt"/>
        <line num="38" count="1" type="stmt"/>
        <line num="39" count="1" type="stmt"/>
        <line num="41" count="1" type="stmt"/>
      </file>
    </package>
    <package name="app.lib.api.admin">
      <metrics statements="22" coveredstatements="22" conditionals="4" coveredconditionals="4" methods="4" coveredmethods="4"/>
      <file name="employee-type.ts" path="/Users/fernanrod/Programacion/Universidad/AYD2/Proyecto1AyD2/app_proyecto1_ayd2/app/lib/api/admin/employee-type.ts">
        <metrics statements="6" coveredstatements="6" conditionals="1" coveredconditionals="1" methods="1" coveredmethods="1"/>
        <line num="3" count="1" type="stmt"/>
        <line num="9" count="1" type="cond" truecount="1" falsecount="0"/>
        <line num="10" count="1" type="stmt"/>
        <line num="11" count="1" type="stmt"/>
        <line num="12" count="1" type="stmt"/>
        <line num="13" count="1" type="stmt"/>
      </file>
      <file name="employee.ts" path="/Users/fernanrod/Programacion/Universidad/AYD2/Proyecto1AyD2/app_proyecto1_ayd2/app/lib/api/admin/employee.ts">
        <metrics statements="16" coveredstatements="16" conditionals="3" coveredconditionals="3" methods="3" coveredmethods="3"/>
        <line num="4" count="1" type="stmt"/>
        <line num="32" count="1" type="cond" truecount="1" falsecount="0"/>
        <line num="33" count="1" type="stmt"/>
        <line num="34" count="1" type="stmt"/>
        <line num="35" count="1" type="stmt"/>
        <line num="36" count="1" type="stmt"/>
        <line num="38" count="1" type="cond" truecount="1" falsecount="0"/>
        <line num="39" count="1" type="stmt"/>
        <line num="40" count="1" type="stmt"/>
        <line num="42" count="1" type="cond" truecount="1" falsecount="0"/>
        <line num="43" count="1" type="stmt"/>
        <line num="44" count="1" type="stmt"/>
        <line num="45" count="1" type="stmt"/>
        <line num="46" count="1" type="stmt"/>
        <line num="47" count="1" type="stmt"/>
        <line num="48" count="1" type="stmt"/>
      </file>
    </package>
    <package name="app.lib.api.utils">
      <metrics statements="0" coveredstatements="0" conditionals="1" coveredconditionals="1" methods="1" coveredmethods="1"/>
      <file name="entity.ts" path="/Users/fernanrod/Programacion/Universidad/AYD2/Proyecto1AyD2/app_proyecto1_ayd2/app/lib/api/utils/entity.ts">
        <metrics statements="0" coveredstatements="0" conditionals="1" coveredconditionals="1" methods="1" coveredmethods="1"/>
      </file>
    </package>
    <package name="app.pages">
      <metrics statements="0" coveredstatements="0" conditionals="0" coveredconditionals="0" methods="0" coveredmethods="0"/>
      <file name="example.vue" path="/Users/fernanrod/Programacion/Universidad/AYD2/Proyecto1AyD2/app_proyecto1_ayd2/app/pages/example.vue">
        <metrics statements="0" coveredstatements="0" conditionals="0" coveredconditionals="0" methods="0" coveredmethods="0"/>
      </file>
      <file name="index.vue" path="/Users/fernanrod/Programacion/Universidad/AYD2/Proyecto1AyD2/app_proyecto1_ayd2/app/pages/index.vue">
        <metrics statements="0" coveredstatements="0" conditionals="0" coveredconditionals="0" methods="0" coveredmethods="0"/>
      </file>
    </package>
    <package name="app.pages.admin">
      <metrics statements="0" coveredstatements="0" conditionals="0" coveredconditionals="0" methods="0" coveredmethods="0"/>
      <file name="index.vue" path="/Users/fernanrod/Programacion/Universidad/AYD2/Proyecto1AyD2/app_proyecto1_ayd2/app/pages/admin/index.vue">
        <metrics statements="0" coveredstatements="0" conditionals="0" coveredconditionals="0" methods="0" coveredmethods="0"/>
      </file>
    </package>
    <package name="app.pages.admin.personal">
      <metrics statements="0" coveredstatements="0" conditionals="0" coveredconditionals="0" methods="0" coveredmethods="0"/>
      <file name="[id].vue" path="/Users/fernanrod/Programacion/Universidad/AYD2/Proyecto1AyD2/app_proyecto1_ayd2/app/pages/admin/personal/[id].vue">
        <metrics statements="0" coveredstatements="0" conditionals="0" coveredconditionals="0" methods="0" coveredmethods="0"/>
      </file>
      <file name="crear.vue" path="/Users/fernanrod/Programacion/Universidad/AYD2/Proyecto1AyD2/app_proyecto1_ayd2/app/pages/admin/personal/crear.vue">
        <metrics statements="0" coveredstatements="0" conditionals="0" coveredconditionals="0" methods="0" coveredmethods="0"/>
      </file>
      <file name="index.vue" path="/Users/fernanrod/Programacion/Universidad/AYD2/Proyecto1AyD2/app_proyecto1_ayd2/app/pages/admin/personal/index.vue">
        <metrics statements="0" coveredstatements="0" conditionals="0" coveredconditionals="0" methods="0" coveredmethods="0"/>
      </file>
    </package>
    <package name="app.utils">
      <metrics statements="7" coveredstatements="4" conditionals="0" coveredconditionals="0" methods="1" coveredmethods="0"/>
      <file name="plainFetch.ts" path="/Users/fernanrod/Programacion/Universidad/AYD2/Proyecto1AyD2/app_proyecto1_ayd2/app/utils/plainFetch.ts">
        <metrics statements="7" coveredstatements="4" conditionals="0" coveredconditionals="0" methods="1" coveredmethods="0"/>
        <line num="1" count="1" type="stmt"/>
        <line num="2" count="1" type="stmt"/>
        <line num="3" count="1" type="stmt"/>
        <line num="4" count="0" type="stmt"/>
        <line num="5" count="0" type="stmt"/>
        <line num="6" count="0" type="stmt"/>
        <line num="7" count="1" type="stmt"/>
      </file>
    </package>
  </project>
</coverage>
