{"/Users/fernanrod/Programacion/Universidad/AYD2/Proyecto1AyD2/app_proyecto1_ayd2/app/app.vue": {"path":"/Users/fernanrod/Programacion/Universidad/AYD2/Proyecto1AyD2/app_proyecto1_ayd2/app/app.vue","all":false,"statementMap":{"0":{"start":{"line":1,"column":0},"end":{"line":1,"column":10}},"1":{"start":{"line":2,"column":0},"end":{"line":2,"column":8}},"2":{"start":{"line":3,"column":0},"end":{"line":3,"column":25}},"3":{"start":{"line":4,"column":0},"end":{"line":4,"column":21}},"4":{"start":{"line":5,"column":0},"end":{"line":5,"column":17}},"5":{"start":{"line":6,"column":0},"end":{"line":6,"column":34}},"6":{"start":{"line":7,"column":0},"end":{"line":7,"column":6}},"7":{"start":{"line":8,"column":0},"end":{"line":8,"column":18}},"8":{"start":{"line":9,"column":0},"end":{"line":9,"column":12}},"9":{"start":{"line":10,"column":0},"end":{"line":10,"column":27}},"10":{"start":{"line":11,"column":0},"end":{"line":11,"column":27}},"11":{"start":{"line":12,"column":0},"end":{"line":12,"column":23}},"30":{"start":{"line":31,"column":0},"end":{"line":31,"column":28}},"31":{"start":{"line":32,"column":0},"end":{"line":32,"column":48}},"33":{"start":{"line":34,"column":0},"end":{"line":34,"column":27}},"34":{"start":{"line":35,"column":0},"end":{"line":35,"column":39}},"36":{"start":{"line":37,"column":0},"end":{"line":37,"column":30}},"37":{"start":{"line":38,"column":0},"end":{"line":38,"column":33}},"39":{"start":{"line":40,"column":0},"end":{"line":40,"column":30}},"40":{"start":{"line":41,"column":0},"end":{"line":41,"column":46}},"42":{"start":{"line":43,"column":0},"end":{"line":43,"column":14}},"43":{"start":{"line":44,"column":0},"end":{"line":44,"column":9}},"46":{"start":{"line":47,"column":0},"end":{"line":47,"column":37}}},"s":{"0":1,"1":1,"2":1,"3":1,"4":1,"5":1,"6":1,"7":1,"8":1,"9":1,"10":1,"11":1,"30":1,"31":1,"33":1,"34":1,"36":1,"37":1,"39":1,"40":1,"42":1,"43":1,"46":1},"branchMap":{"0":{"type":"branch","line":33,"loc":{"start":{"line":33,"column":-1},"end":{"line":35,"column":39}},"locations":[{"start":{"line":33,"column":-1},"end":{"line":35,"column":39}}]},"1":{"type":"branch","line":36,"loc":{"start":{"line":36,"column":-1},"end":{"line":38,"column":33}},"locations":[{"start":{"line":36,"column":-1},"end":{"line":38,"column":33}}]},"2":{"type":"branch","line":39,"loc":{"start":{"line":39,"column":-1},"end":{"line":41,"column":46}},"locations":[{"start":{"line":39,"column":-1},"end":{"line":41,"column":46}}]}},"b":{"0":[1],"1":[1],"2":[1]},"fnMap":{},"f":{}}
,"/Users/fernanrod/Programacion/Universidad/AYD2/Proyecto1AyD2/app_proyecto1_ayd2/app/components/cards/MenuShortcutCard.vue": {"path":"/Users/fernanrod/Programacion/Universidad/AYD2/Proyecto1AyD2/app_proyecto1_ayd2/app/components/cards/MenuShortcutCard.vue","all":false,"statementMap":{"0":{"start":{"line":1,"column":0},"end":{"line":1,"column":10}},"1":{"start":{"line":2,"column":0},"end":{"line":2,"column":12}},"2":{"start":{"line":3,"column":0},"end":{"line":3,"column":52}},"3":{"start":{"line":4,"column":0},"end":{"line":4,"column":27}},"4":{"start":{"line":5,"column":0},"end":{"line":5,"column":27}},"5":{"start":{"line":6,"column":0},"end":{"line":6,"column":36}},"6":{"start":{"line":7,"column":0},"end":{"line":7,"column":16}},"8":{"start":{"line":9,"column":0},"end":{"line":9,"column":26}},"9":{"start":{"line":10,"column":0},"end":{"line":10,"column":37}},"10":{"start":{"line":11,"column":0},"end":{"line":11,"column":41}},"11":{"start":{"line":12,"column":0},"end":{"line":12,"column":50}},"13":{"start":{"line":14,"column":0},"end":{"line":14,"column":25}},"14":{"start":{"line":15,"column":0},"end":{"line":15,"column":18}},"15":{"start":{"line":16,"column":0},"end":{"line":16,"column":21}},"17":{"start":{"line":18,"column":0},"end":{"line":18,"column":13}}},"s":{"0":1,"1":1,"2":1,"3":1,"4":1,"5":1,"6":1,"8":1,"9":1,"10":1,"11":1,"13":1,"14":1,"15":1,"17":1},"branchMap":{},"b":{},"fnMap":{},"f":{}}
,"/Users/fernanrod/Programacion/Universidad/AYD2/Proyecto1AyD2/app_proyecto1_ayd2/app/layouts/default.vue": {"path":"/Users/fernanrod/Programacion/Universidad/AYD2/Proyecto1AyD2/app_proyecto1_ayd2/app/layouts/default.vue","all":false,"statementMap":{"0":{"start":{"line":1,"column":0},"end":{"line":1,"column":10}},"1":{"start":{"line":2,"column":0},"end":{"line":2,"column":8}},"2":{"start":{"line":3,"column":0},"end":{"line":3,"column":30}},"3":{"start":{"line":4,"column":0},"end":{"line":4,"column":52}},"4":{"start":{"line":5,"column":0},"end":{"line":5,"column":91}},"5":{"start":{"line":6,"column":0},"end":{"line":6,"column":75}},"6":{"start":{"line":7,"column":0},"end":{"line":7,"column":39}},"7":{"start":{"line":8,"column":0},"end":{"line":8,"column":41}},"9":{"start":{"line":10,"column":0},"end":{"line":10,"column":22}},"10":{"start":{"line":11,"column":0},"end":{"line":11,"column":88}},"11":{"start":{"line":12,"column":0},"end":{"line":12,"column":37}},"12":{"start":{"line":13,"column":0},"end":{"line":13,"column":39}},"13":{"start":{"line":14,"column":0},"end":{"line":14,"column":67}},"14":{"start":{"line":15,"column":0},"end":{"line":15,"column":12}},"16":{"start":{"line":17,"column":0},"end":{"line":17,"column":14}},"17":{"start":{"line":18,"column":0},"end":{"line":18,"column":74}},"18":{"start":{"line":19,"column":0},"end":{"line":19,"column":44}},"19":{"start":{"line":20,"column":0},"end":{"line":20,"column":20}},"20":{"start":{"line":21,"column":0},"end":{"line":21,"column":12}},"21":{"start":{"line":22,"column":0},"end":{"line":22,"column":10}},"22":{"start":{"line":23,"column":0},"end":{"line":23,"column":9}},"25":{"start":{"line":26,"column":0},"end":{"line":26,"column":35}},"27":{"start":{"line":28,"column":0},"end":{"line":28,"column":21}},"28":{"start":{"line":29,"column":0},"end":{"line":29,"column":3}},"29":{"start":{"line":30,"column":0},"end":{"line":30,"column":20}},"30":{"start":{"line":31,"column":0},"end":{"line":31,"column":23}},"31":{"start":{"line":32,"column":0},"end":{"line":32,"column":14}},"32":{"start":{"line":33,"column":0},"end":{"line":33,"column":4}},"33":{"start":{"line":34,"column":0},"end":{"line":34,"column":3}},"34":{"start":{"line":35,"column":0},"end":{"line":35,"column":28}},"35":{"start":{"line":36,"column":0},"end":{"line":36,"column":22}},"36":{"start":{"line":37,"column":0},"end":{"line":37,"column":19}},"37":{"start":{"line":38,"column":0},"end":{"line":38,"column":3}},"38":{"start":{"line":39,"column":0},"end":{"line":39,"column":2}},"40":{"start":{"line":41,"column":0},"end":{"line":41,"column":25}}},"s":{"0":1,"1":1,"2":1,"3":1,"4":1,"5":1,"6":1,"7":1,"9":1,"10":1,"11":1,"12":1,"13":1,"14":1,"16":1,"17":1,"18":1,"19":1,"20":1,"21":1,"22":1,"25":1,"27":1,"28":1,"29":1,"30":1,"31":1,"32":1,"33":1,"34":1,"35":1,"36":1,"37":1,"38":1,"40":1},"branchMap":{},"b":{},"fnMap":{},"f":{}}
,"/Users/fernanrod/Programacion/Universidad/AYD2/Proyecto1AyD2/app_proyecto1_ayd2/app/lib/api/admin/employee-type.ts": {"path":"/Users/fernanrod/Programacion/Universidad/AYD2/Proyecto1AyD2/app_proyecto1_ayd2/app/lib/api/admin/employee-type.ts","all":false,"statementMap":{"2":{"start":{"line":3,"column":0},"end":{"line":3,"column":54}},"8":{"start":{"line":9,"column":0},"end":{"line":9,"column":56}},"9":{"start":{"line":10,"column":0},"end":{"line":10,"column":69}},"10":{"start":{"line":11,"column":0},"end":{"line":11,"column":10}},"11":{"start":{"line":12,"column":0},"end":{"line":12,"column":4}},"12":{"start":{"line":13,"column":0},"end":{"line":13,"column":1}}},"s":{"2":1,"8":1,"9":1,"10":1,"11":1,"12":1},"branchMap":{"0":{"type":"branch","line":9,"loc":{"start":{"line":9,"column":0},"end":{"line":13,"column":1}},"locations":[{"start":{"line":9,"column":0},"end":{"line":13,"column":1}}]}},"b":{"0":[1]},"fnMap":{"0":{"name":"getAllEmployeeTypes","decl":{"start":{"line":9,"column":0},"end":{"line":13,"column":1}},"loc":{"start":{"line":9,"column":0},"end":{"line":13,"column":1}},"line":9}},"f":{"0":1}}
,"/Users/fernanrod/Programacion/Universidad/AYD2/Proyecto1AyD2/app_proyecto1_ayd2/app/lib/api/admin/employee.ts": {"path":"/Users/fernanrod/Programacion/Universidad/AYD2/Proyecto1AyD2/app_proyecto1_ayd2/app/lib/api/admin/employee.ts","all":false,"statementMap":{"3":{"start":{"line":4,"column":0},"end":{"line":4,"column":44}},"31":{"start":{"line":32,"column":0},"end":{"line":32,"column":52}},"32":{"start":{"line":33,"column":0},"end":{"line":33,"column":61}},"33":{"start":{"line":34,"column":0},"end":{"line":34,"column":10}},"34":{"start":{"line":35,"column":0},"end":{"line":35,"column":4}},"35":{"start":{"line":36,"column":0},"end":{"line":36,"column":1}},"37":{"start":{"line":38,"column":0},"end":{"line":38,"column":60}},"38":{"start":{"line":39,"column":0},"end":{"line":39,"column":71}},"39":{"start":{"line":40,"column":0},"end":{"line":40,"column":1}},"41":{"start":{"line":42,"column":0},"end":{"line":42,"column":64}},"42":{"start":{"line":43,"column":0},"end":{"line":43,"column":68}},"43":{"start":{"line":44,"column":0},"end":{"line":44,"column":19}},"44":{"start":{"line":45,"column":0},"end":{"line":45,"column":14}},"45":{"start":{"line":46,"column":0},"end":{"line":46,"column":4}},"46":{"start":{"line":47,"column":0},"end":{"line":47,"column":17}},"47":{"start":{"line":48,"column":0},"end":{"line":48,"column":1}}},"s":{"3":1,"31":1,"32":1,"33":1,"34":1,"35":1,"37":1,"38":1,"39":1,"41":1,"42":1,"43":1,"44":1,"45":1,"46":1,"47":1},"branchMap":{"0":{"type":"branch","line":32,"loc":{"start":{"line":32,"column":0},"end":{"line":36,"column":1}},"locations":[{"start":{"line":32,"column":0},"end":{"line":36,"column":1}}]},"1":{"type":"branch","line":38,"loc":{"start":{"line":38,"column":0},"end":{"line":40,"column":1}},"locations":[{"start":{"line":38,"column":0},"end":{"line":40,"column":1}}]},"2":{"type":"branch","line":42,"loc":{"start":{"line":42,"column":30},"end":{"line":48,"column":1}},"locations":[{"start":{"line":42,"column":30},"end":{"line":48,"column":1}}]}},"b":{"0":[1],"1":[1],"2":[1]},"fnMap":{"0":{"name":"getAllEmployees","decl":{"start":{"line":32,"column":0},"end":{"line":36,"column":1}},"loc":{"start":{"line":32,"column":0},"end":{"line":36,"column":1}},"line":32},"1":{"name":"getEmployeeById","decl":{"start":{"line":38,"column":0},"end":{"line":40,"column":1}},"loc":{"start":{"line":38,"column":0},"end":{"line":40,"column":1}},"line":38},"2":{"name":"createEmployee","decl":{"start":{"line":42,"column":30},"end":{"line":48,"column":1}},"loc":{"start":{"line":42,"column":30},"end":{"line":48,"column":1}},"line":42}},"f":{"0":1,"1":1,"2":1}}
,"/Users/fernanrod/Programacion/Universidad/AYD2/Proyecto1AyD2/app_proyecto1_ayd2/app/lib/api/utils/entity.ts": {"path":"/Users/fernanrod/Programacion/Universidad/AYD2/Proyecto1AyD2/app_proyecto1_ayd2/app/lib/api/utils/entity.ts","all":true,"statementMap":{},"s":{},"branchMap":{"0":{"type":"branch","line":1,"loc":{"start":{"line":1,"column":40},"end":{"line":3,"column":1}},"locations":[{"start":{"line":1,"column":40},"end":{"line":3,"column":1}}]}},"b":{"0":[1]},"fnMap":{"0":{"name":"(empty-report)","decl":{"start":{"line":1,"column":40},"end":{"line":3,"column":1}},"loc":{"start":{"line":1,"column":40},"end":{"line":3,"column":1}},"line":1}},"f":{"0":1}}
,"/Users/fernanrod/Programacion/Universidad/AYD2/Proyecto1AyD2/app_proyecto1_ayd2/app/pages/example.vue": {"path":"/Users/fernanrod/Programacion/Universidad/AYD2/Proyecto1AyD2/app_proyecto1_ayd2/app/pages/example.vue","all":false,"statementMap":{},"s":{},"branchMap":{},"b":{},"fnMap":{},"f":{}}
,"/Users/fernanrod/Programacion/Universidad/AYD2/Proyecto1AyD2/app_proyecto1_ayd2/app/pages/index.vue": {"path":"/Users/fernanrod/Programacion/Universidad/AYD2/Proyecto1AyD2/app_proyecto1_ayd2/app/pages/index.vue","all":false,"statementMap":{},"s":{},"branchMap":{},"b":{},"fnMap":{},"f":{}}
,"/Users/fernanrod/Programacion/Universidad/AYD2/Proyecto1AyD2/app_proyecto1_ayd2/app/pages/admin/index.vue": {"path":"/Users/fernanrod/Programacion/Universidad/AYD2/Proyecto1AyD2/app_proyecto1_ayd2/app/pages/admin/index.vue","all":false,"statementMap":{},"s":{},"branchMap":{},"b":{},"fnMap":{},"f":{}}
,"/Users/fernanrod/Programacion/Universidad/AYD2/Proyecto1AyD2/app_proyecto1_ayd2/app/pages/admin/personal/[id].vue": {"path":"/Users/fernanrod/Programacion/Universidad/AYD2/Proyecto1AyD2/app_proyecto1_ayd2/app/pages/admin/personal/[id].vue","all":false,"statementMap":{},"s":{},"branchMap":{},"b":{},"fnMap":{},"f":{}}
,"/Users/fernanrod/Programacion/Universidad/AYD2/Proyecto1AyD2/app_proyecto1_ayd2/app/pages/admin/personal/crear.vue": {"path":"/Users/fernanrod/Programacion/Universidad/AYD2/Proyecto1AyD2/app_proyecto1_ayd2/app/pages/admin/personal/crear.vue","all":false,"statementMap":{},"s":{},"branchMap":{},"b":{},"fnMap":{},"f":{}}
,"/Users/fernanrod/Programacion/Universidad/AYD2/Proyecto1AyD2/app_proyecto1_ayd2/app/pages/admin/personal/index.vue": {"path":"/Users/fernanrod/Programacion/Universidad/AYD2/Proyecto1AyD2/app_proyecto1_ayd2/app/pages/admin/personal/index.vue","all":false,"statementMap":{},"s":{},"branchMap":{},"b":{},"fnMap":{},"f":{}}
,"/Users/fernanrod/Programacion/Universidad/AYD2/Proyecto1AyD2/app_proyecto1_ayd2/app/utils/plainFetch.ts": {"path":"/Users/fernanrod/Programacion/Universidad/AYD2/Proyecto1AyD2/app_proyecto1_ayd2/app/utils/plainFetch.ts","all":false,"statementMap":{"0":{"start":{"line":1,"column":0},"end":{"line":1,"column":35}},"1":{"start":{"line":2,"column":0},"end":{"line":2,"column":45}},"2":{"start":{"line":3,"column":0},"end":{"line":3,"column":42}},"3":{"start":{"line":4,"column":0},"end":{"line":4,"column":58}},"4":{"start":{"line":5,"column":0},"end":{"line":5,"column":89}},"5":{"start":{"line":6,"column":0},"end":{"line":6,"column":4}},"6":{"start":{"line":7,"column":0},"end":{"line":7,"column":2}}},"s":{"0":1,"1":1,"2":1,"3":0,"4":0,"5":0,"6":1},"branchMap":{},"b":{},"fnMap":{"0":{"name":"onRequest","decl":{"start":{"line":3,"column":2},"end":{"line":6,"column":4}},"loc":{"start":{"line":3,"column":2},"end":{"line":6,"column":4}},"line":3}},"f":{"0":0}}
}
